[2024-06-27 00:13:11,267] root - INFO ------------------------------ Loading the data from database ------------------------------
[2024-06-27 00:13:11,267] root - INFO Reading required parameters.
[2024-06-27 00:13:11,276] root - INFO Connecting to MongoDB client.
[2024-06-27 00:13:15,683] root - INFO Getting Database.
[2024-06-27 00:13:15,683] root - INFO Checking if updated records exists.
[2024-06-27 00:13:45,935] root - ERROR 
        Error occured in script: 
        [ C:\app\Metro-Interstate-Traffic-Prediction-using-dvc-and-mlflow-main\Metro-Interstate-Traffic-Prediction-using-dvc-and-mlflow-main\src\get_data_from_database.py ] at 
        try block line number: [31] and exception block line number: [72] 
        error message: [SSL handshake failed: ac-slotola-shard-00-00.b2zts42.mongodb.net:27017: [('SSL routines', '', 'tlsv1 alert internal error')] (configured timeouts: socketTimeoutMS: 20000.0ms, connectTimeoutMS: 20000.0ms),SSL handshake failed: ac-slotola-shard-00-01.b2zts42.mongodb.net:27017: [('SSL routines', '', 'tlsv1 alert internal error')] (configured timeouts: socketTimeoutMS: 20000.0ms, connectTimeoutMS: 20000.0ms),SSL handshake failed: ac-slotola-shard-00-02.b2zts42.mongodb.net:27017: [('SSL routines', '', 'tlsv1 alert internal error')] (configured timeouts: socketTimeoutMS: 20000.0ms, connectTimeoutMS: 20000.0ms), Timeout: 30s, Topology Description: <TopologyDescription id: 667c614349020f2126d8004d, topology_type: ReplicaSetNoPrimary, servers: [<ServerDescription ('ac-slotola-shard-00-00.b2zts42.mongodb.net', 27017) server_type: Unknown, rtt: None, error=AutoReconnect("SSL handshake failed: ac-slotola-shard-00-00.b2zts42.mongodb.net:27017: [('SSL routines', '', 'tlsv1 alert internal error')] (configured timeouts: socketTimeoutMS: 20000.0ms, connectTimeoutMS: 20000.0ms)")>, <ServerDescription ('ac-slotola-shard-00-01.b2zts42.mongodb.net', 27017) server_type: Unknown, rtt: None, error=AutoReconnect("SSL handshake failed: ac-slotola-shard-00-01.b2zts42.mongodb.net:27017: [('SSL routines', '', 'tlsv1 alert internal error')] (configured timeouts: socketTimeoutMS: 20000.0ms, connectTimeoutMS: 20000.0ms)")>, <ServerDescription ('ac-slotola-shard-00-02.b2zts42.mongodb.net', 27017) server_type: Unknown, rtt: None, error=AutoReconnect("SSL handshake failed: ac-slotola-shard-00-02.b2zts42.mongodb.net:27017: [('SSL routines', '', 'tlsv1 alert internal error')] (configured timeouts: socketTimeoutMS: 20000.0ms, connectTimeoutMS: 20000.0ms)")>]>]
        
[2024-06-27 00:13:45,936] root - ERROR 
        Error occured in script: 
        [ C:\app\Metro-Interstate-Traffic-Prediction-using-dvc-and-mlflow-main\Metro-Interstate-Traffic-Prediction-using-dvc-and-mlflow-main\src\load_data.py ] at 
        try block line number: [13] and exception block line number: [20] 
        error message: [
        Error occured in script: 
        [ C:\app\Metro-Interstate-Traffic-Prediction-using-dvc-and-mlflow-main\Metro-Interstate-Traffic-Prediction-using-dvc-and-mlflow-main\src\get_data_from_database.py ] at 
        try block line number: [31] and exception block line number: [73] 
        error message: [SSL handshake failed: ac-slotola-shard-00-00.b2zts42.mongodb.net:27017: [('SSL routines', '', 'tlsv1 alert internal error')] (configured timeouts: socketTimeoutMS: 20000.0ms, connectTimeoutMS: 20000.0ms),SSL handshake failed: ac-slotola-shard-00-01.b2zts42.mongodb.net:27017: [('SSL routines', '', 'tlsv1 alert internal error')] (configured timeouts: socketTimeoutMS: 20000.0ms, connectTimeoutMS: 20000.0ms),SSL handshake failed: ac-slotola-shard-00-02.b2zts42.mongodb.net:27017: [('SSL routines', '', 'tlsv1 alert internal error')] (configured timeouts: socketTimeoutMS: 20000.0ms, connectTimeoutMS: 20000.0ms), Timeout: 30s, Topology Description: <TopologyDescription id: 667c614349020f2126d8004d, topology_type: ReplicaSetNoPrimary, servers: [<ServerDescription ('ac-slotola-shard-00-00.b2zts42.mongodb.net', 27017) server_type: Unknown, rtt: None, error=AutoReconnect("SSL handshake failed: ac-slotola-shard-00-00.b2zts42.mongodb.net:27017: [('SSL routines', '', 'tlsv1 alert internal error')] (configured timeouts: socketTimeoutMS: 20000.0ms, connectTimeoutMS: 20000.0ms)")>, <ServerDescription ('ac-slotola-shard-00-01.b2zts42.mongodb.net', 27017) server_type: Unknown, rtt: None, error=AutoReconnect("SSL handshake failed: ac-slotola-shard-00-01.b2zts42.mongodb.net:27017: [('SSL routines', '', 'tlsv1 alert internal error')] (configured timeouts: socketTimeoutMS: 20000.0ms, connectTimeoutMS: 20000.0ms)")>, <ServerDescription ('ac-slotola-shard-00-02.b2zts42.mongodb.net', 27017) server_type: Unknown, rtt: None, error=AutoReconnect("SSL handshake failed: ac-slotola-shard-00-02.b2zts42.mongodb.net:27017: [('SSL routines', '', 'tlsv1 alert internal error')] (configured timeouts: socketTimeoutMS: 20000.0ms, connectTimeoutMS: 20000.0ms)")>]>]
        ]
        
